SF:lib\scoring.dart
DA:3,1
DA:4,2
DA:5,1
DA:6,1
DA:7,2
DA:9,1
DA:13,3
DA:14,1
DA:16,3
DA:20,3
DA:22,1
DA:24,3
DA:31,1
DA:42,1
LF:14
LH:14
end_of_record
SF:lib\auth\src\firebase_auth_service.dart
DA:14,1
DA:15,2
DA:22,0
DA:23,0
DA:26,0
DA:27,0
DA:29,0
DA:32,0
DA:37,0
DA:38,0
DA:39,0
DA:40,0
DA:41,0
LF:13
LH:2
end_of_record
SF:lib\auth\src\user.dart
DA:5,0
LF:1
LH:0
end_of_record
SF:lib\auth\src\sign_in_switch.dart
DA:7,0
DA:12,0
DA:18,0
DA:20,0
DA:22,0
DA:23,0
DA:24,0
DA:25,0
DA:27,0
DA:30,0
LF:10
LH:0
end_of_record
SF:lib\auth\src\auto_anonymous_sigin.dart
DA:7,1
DA:12,1
DA:18,1
DA:19,1
DA:25,1
DA:27,1
DA:28,2
DA:30,2
DA:33,1
DA:35,1
DA:36,1
DA:37,1
DA:38,1
DA:39,0
DA:41,0
DA:42,0
DA:45,0
DA:48,1
DA:49,0
DA:52,2
LF:20
LH:15
end_of_record
